
Showing logs for build [32mhack19-hub-hackathon-demo-2019-gg6vz-1[0m stage [32mfrom-build-pack[0m and container [32mstep-credential-initializer-8xrq2[0m
{"level":"warn","ts":1573218769.6125405,"logger":"fallback-logger","caller":"logging/config.go:69","msg":"Fetch GitHub commit ID from kodata failed: \"ref: refs/heads/master\" is not a valid GitHub commit ID"}
{"level":"info","ts":1573218769.6128247,"logger":"fallback-logger","caller":"creds-init/main.go:40","msg":"Credentials initialized."}

Showing logs for build [32mhack19-hub-hackathon-demo-2019-gg6vz-1[0m stage [32mfrom-build-pack[0m and container [32mstep-working-dir-initializer-lm29v[0m
{"level":"warn","ts":1573218772.4642007,"logger":"fallback-logger","caller":"logging/config.go:69","msg":"Fetch GitHub commit ID from kodata failed: open /var/run/ko/HEAD: no such file or directory"}
{"level":"info","ts":1573218772.4670696,"logger":"fallback-logger","caller":"bash/main.go:65","msg":"Successfully executed command \"mkdir -p /workspace/source\""}

Showing logs for build [32mhack19-hub-hackathon-demo-2019-gg6vz-1[0m stage [32mfrom-build-pack[0m and container [32mstep-place-tools[0m

Showing logs for build [32mhack19-hub-hackathon-demo-2019-gg6vz-1[0m stage [32mfrom-build-pack[0m and container [32mstep-git-source-hack19-hub-hackathon-demo-2019-6nhd8[0m
{"level":"warn","ts":1573218851.498358,"logger":"fallback-logger","caller":"logging/config.go:69","msg":"Fetch GitHub commit ID from kodata failed: \"ref: refs/heads/master\" is not a valid GitHub commit ID"}
{"level":"info","ts":1573218851.9042902,"logger":"fallback-logger","caller":"git/git.go:102","msg":"Successfully cloned https://github.com/**********/hackathon-demo-2019.git @ master in path /workspace/source"}

Showing logs for build [32mhack19-hub-hackathon-demo-2019-gg6vz-1[0m stage [32mfrom-build-pack[0m and container [32mstep-git-merge[0m
Using SHAs from PULL_REFS=master:22c3047d32984c8c324fd04940beb675de4765dd,1:5fd022154d37448b55d82ea9778d887bd2219d66
DEBUG: ran git fetch --unshallow origin 5fd022154d37448b55d82ea9778d887bd2219d66: 22c3047d32984c8c324fd04940beb675de4765dd: in 
DEBUG: ran git checkout master in 
DEBUG: ran git reset --hard 22c3047d32984c8c324fd04940beb675de4765dd in 
DEBUG: ran clean --force -d . in 
DEBUG: ran git merge 5fd022154d37448b55d82ea9778d887bd2219d66 in 
Merged SHA 5fd022154d37448b55d82ea9778d887bd2219d66 with commit message 'Update index.html' into base branch master

Showing logs for build [32mhack19-hub-hackathon-demo-2019-gg6vz-1[0m stage [32mfrom-build-pack[0m and container [32mstep-build-npmrc[0m
WARNING: failed to find Secret npm-token in namespace **

Showing logs for build [32mhack19-hub-hackathon-demo-2019-gg6vz-1[0m stage [32mfrom-build-pack[0m and container [32mstep-build-npm-install[0m
npm notice created a lockfile as package-lock.json. You should commit this file.
npm WARN REPLACE_ME@1.0.0 No repository field.
npm WARN REPLACE_ME@1.0.0 No license field.

up to date in 0.16s
found 0 vulnerabilities


Showing logs for build [32mhack19-hub-hackathon-demo-2019-gg6vz-1[0m stage [32mfrom-build-pack[0m and container [32mstep-build-npm-test[0m

> REPLACE_ME@1.0.0 test /workspace/source
> echo "no test specified" && exit 0

no test specified

Showing logs for build [32mhack19-hub-hackathon-demo-2019-gg6vz-1[0m stage [32mfrom-build-pack[0m and container [32mstep-build-container-build[0m
[36mINFO[0m[0000] Downloading base image node:9-slim           
[36mINFO[0m[0001] Error while retrieving image from cache: getting file info: stat /workspace/sha256:0e0175bbe4f8d9d104590d8d2c591017874e30977cb71aaff1cf6fa99479575c: no such file or directory 
[36mINFO[0m[0001] Downloading base image node:9-slim           
[36mINFO[0m[0002] Executing 0 build triggers                   
[36mINFO[0m[0002] cmd: EXPOSE                                  
[36mINFO[0m[0002] Adding exposed port: 8080/tcp                
[36mINFO[0m[0002] Using files from context: [/workspace/source] 
[36mINFO[0m[0002] Skipping unpacking as no commands require it. 
[36mINFO[0m[0002] Taking snapshot of full filesystem...        
[36mINFO[0m[0002] ENV PORT 8080                                
[36mINFO[0m[0002] No files changed in this command, skipping snapshotting. 
[36mINFO[0m[0002] EXPOSE 8080                                  
[36mINFO[0m[0002] cmd: EXPOSE                                  
[36mINFO[0m[0002] Adding exposed port: 8080/tcp                
[36mINFO[0m[0002] No files changed in this command, skipping snapshotting. 
[36mINFO[0m[0002] WORKDIR /usr/src/app                         
[36mINFO[0m[0002] cmd: workdir                                 
[36mINFO[0m[0002] Changed working directory to /usr/src/app    
[36mINFO[0m[0002] Creating directory /usr/src/app              
[36mINFO[0m[0002] Taking snapshot of files...                  
[36mINFO[0m[0002] Using files from context: [/workspace/source] 
[36mINFO[0m[0002] COPY . .                                     
[36mINFO[0m[0002] Taking snapshot of files...                  
[36mINFO[0m[0002] CMD ["npm", "start"]                         
[36mINFO[0m[0002] No files changed in this command, skipping snapshotting. 
2019/11/08 13:14:18 existing blob: sha256:e01bd28a434b56ffd2a3fe9aa99b9b69aecca69904843edd30b1ee7150d79904
2019/11/08 13:14:18 existing blob: sha256:7d083412657baa2dafba8d093034ef26f9ed2c90fb6ed95f76bb55aff03ed429
2019/11/08 13:14:18 existing blob: sha256:a88538b9cd05cfa611e43a25582a95ad7879f6fa708b0386a26b71ee62235bb3
2019/11/08 13:14:18 existing blob: sha256:5bba3ecb4cd6374a19da45f2a3db0a9c0804984358b3bb4b666c28944016e5ff
2019/11/08 13:14:18 existing blob: sha256:196b8e3c919d5639193ba6c6e54774528942041bbc37606631a2250502985c3c
2019/11/08 13:14:18 pushed blob: sha256:d16feab5e39f032e2c74118fd486adf33eccc7f0e76a9b35c7288854af2fbf56
2019/11/08 13:14:18 pushed blob: sha256:c8ab2a20f1e8029d00c1d55f6c9a492cf0b10dbe2b98d2bf7185481cec4eb2a3
2019/11/08 13:14:18 pushed blob: sha256:20f2e9e77419492882daa4974bc058ae2e1f5d873f3ecf76944ca3a7e52e5684
2019/11/08 13:14:18 823024120868.dkr.ecr.us-west-2.amazonaws.com/**********/hackathon-demo-2019:0.0.0-SNAPSHOT-PR-1-1: digest: sha256:b0242bcd5f1ad4d0b44032cc664bf2f5920ffa3d93448edec528e201f358e5b5 size: 1404

Showing logs for build [32mhack19-hub-hackathon-demo-2019-gg6vz-1[0m stage [32mfrom-build-pack[0m and container [32mstep-postbuild-post-build[0m
no CVE provider running in the current ** namespace so skip adding image to be analysed

Showing logs for build [32mhack19-hub-hackathon-demo-2019-gg6vz-1[0m stage [32mfrom-build-pack[0m and container [32mstep-promote-make-preview[0m
sed -i -e "s/version:.*/version: 0.0.0-SNAPSHOT-PR-1-1/" Chart.yaml
sed -i -e "s/version:.*/version: 0.0.0-SNAPSHOT-PR-1-1/" ../*/Chart.yaml
sed -i -e "s|repository:.*|repository: 823024120868.dkr.ecr.us-west-2.amazonaws.com\/**********\/node-http|" values.yaml
sed -i -e "s/tag:.*/tag: 0.0.0-SNAPSHOT-PR-1-1/" values.yaml
echo "  version: 0.0.0-SNAPSHOT-PR-1-1" >> requirements.yaml
** step helm build
WARNING: No $CHART_REPOSITORY defined so using the default value of: http://jenkins-x-chartmuseum:8080
Adding missing Helm repo: storage.googleapis.com https://storage.googleapis.com/chartmuseum.jenkins-x.io
Successfully added Helm repository storage.googleapis.com.
Adding missing Helm repo: jenkins-x-chartmuseum http://jenkins-x-chartmuseum:8080
Successfully added Helm repository jenkins-x-chartmuseum.
WARNING: No $CHART_REPOSITORY defined so using the default value of: http://jenkins-x-chartmuseum:8080
Adding missing Helm repo: chartmuseum.jenkins-x.io http://chartmuseum.jenkins-x.io
Successfully added Helm repository chartmuseum.jenkins-x.io.

Showing logs for build [32mhack19-hub-hackathon-demo-2019-gg6vz-1[0m stage [32mfrom-build-pack[0m and container [32mstep-promote-jx-preview[0m
Creating a preview
Commit author email is empty for: 5fd022154d37448b55d82ea9778d887bd2219d66
Looking for commits in: /workspace/source/
Found commit author match for: ********** with email address: 56089989+**********@users.noreply.github.com
Created environment **********-hackathon-demo-2019-pr-1
Namespace **-**********-hackathon-demo-2019-pr-1 created 
expose:
  Annotations:
    helm.sh/hook: post-install,post-upgrade
    helm.sh/hook-delete-policy: hook-succeeded
  config:
    domain: app.jenkins-x.tk
    exposer: Ingress
    http: "true"
preview:
  image:
    repository: 823024120868.dkr.ecr.us-west-2.amazonaws.com/**********/hackathon-demo-2019
    tag: 0.0.0-SNAPSHOT-PR-1-1
Cloning the Jenkins X versions repo https://github.com/jenkins-x/jenkins-x-versions.git with ref refs/heads/master to /builder/home/.**/jenkins-x-versions


WARNING: Could not find the service URL in namespace **-**********-hackathon-demo-2019-pr-1 for names hackathon-demo-2019, preview, **-**********-hackathon-demo-2019-pr-1-preview, preview-hackathon-demo-2019: the server could not find the requested resource (get services.serving.knative.dev preview-hackathon-demo-2019)
Updating PipelineActivities **********-hackathon-demo-2019-pr-1-1 which has status Running
WARNING: Failed to find the service hackathon-demo-2019 : failed to find service hackathon-demo-2019 in namespace **-**********-hackathon-demo-2019-pr-1: services "hackathon-demo-2019" not found
