
Showing logs for build [32mhack19-hub-hackathon-demo-2019-q2ljx-1[0m stage [32mfrom-build-pack[0m and container [32mstep-credential-initializer-q98t9[0m
{"level":"warn","ts":1573219211.3648005,"logger":"fallback-logger","caller":"logging/config.go:69","msg":"Fetch GitHub commit ID from kodata failed: \"ref: refs/heads/master\" is not a valid GitHub commit ID"}
{"level":"info","ts":1573219211.3653088,"logger":"fallback-logger","caller":"creds-init/main.go:40","msg":"Credentials initialized."}

Showing logs for build [32mhack19-hub-hackathon-demo-2019-q2ljx-1[0m stage [32mfrom-build-pack[0m and container [32mstep-working-dir-initializer-mn9km[0m
{"level":"warn","ts":1573219211.7558892,"logger":"fallback-logger","caller":"logging/config.go:69","msg":"Fetch GitHub commit ID from kodata failed: open /var/run/ko/HEAD: no such file or directory"}
{"level":"info","ts":1573219211.7573614,"logger":"fallback-logger","caller":"bash/main.go:65","msg":"Successfully executed command \"mkdir -p /workspace/source\""}

Showing logs for build [32mhack19-hub-hackathon-demo-2019-q2ljx-1[0m stage [32mfrom-build-pack[0m and container [32mstep-place-tools[0m

Showing logs for build [32mhack19-hub-hackathon-demo-2019-q2ljx-1[0m stage [32mfrom-build-pack[0m and container [32mstep-git-source-hack19-hub-hackathon-demo-2019-2r87v[0m
{"level":"warn","ts":1573219220.7976882,"logger":"fallback-logger","caller":"logging/config.go:69","msg":"Fetch GitHub commit ID from kodata failed: \"ref: refs/heads/master\" is not a valid GitHub commit ID"}
{"level":"info","ts":1573219221.1929948,"logger":"fallback-logger","caller":"git/git.go:102","msg":"Successfully cloned https://github.com/**********/hackathon-demo-2019.git @ master in path /workspace/source"}

Showing logs for build [32mhack19-hub-hackathon-demo-2019-q2ljx-1[0m stage [32mfrom-build-pack[0m and container [32mstep-git-merge[0m
Using SHAs from PULL_REFS=master:22c3047d32984c8c324fd04940beb675de4765dd,3:5fd022154d37448b55d82ea9778d887bd2219d66
DEBUG: ran git fetch --unshallow origin 5fd022154d37448b55d82ea9778d887bd2219d66: 22c3047d32984c8c324fd04940beb675de4765dd: in 
DEBUG: ran git checkout master in 
DEBUG: ran git reset --hard 22c3047d32984c8c324fd04940beb675de4765dd in 
DEBUG: ran clean --force -d . in 
DEBUG: ran git merge 5fd022154d37448b55d82ea9778d887bd2219d66 in 
Merged SHA 5fd022154d37448b55d82ea9778d887bd2219d66 with commit message 'Update index.html' into base branch master

Showing logs for build [32mhack19-hub-hackathon-demo-2019-q2ljx-1[0m stage [32mfrom-build-pack[0m and container [32mstep-build-npmrc[0m
WARNING: failed to find Secret npm-token in namespace **

Showing logs for build [32mhack19-hub-hackathon-demo-2019-q2ljx-1[0m stage [32mfrom-build-pack[0m and container [32mstep-build-npm-install[0m
npm notice created a lockfile as package-lock.json. You should commit this file.
npm WARN REPLACE_ME@1.0.0 No repository field.
npm WARN REPLACE_ME@1.0.0 No license field.

up to date in 0.194s
found 0 vulnerabilities


Showing logs for build [32mhack19-hub-hackathon-demo-2019-q2ljx-1[0m stage [32mfrom-build-pack[0m and container [32mstep-build-npm-test[0m

> REPLACE_ME@1.0.0 test /workspace/source
> echo "no test specified" && exit 0

no test specified

Showing logs for build [32mhack19-hub-hackathon-demo-2019-q2ljx-1[0m stage [32mfrom-build-pack[0m and container [32mstep-build-container-build[0m
[36mINFO[0m[0000] Downloading base image node:9-slim           
[36mINFO[0m[0001] Error while retrieving image from cache: getting file info: stat /workspace/sha256:0e0175bbe4f8d9d104590d8d2c591017874e30977cb71aaff1cf6fa99479575c: no such file or directory 
[36mINFO[0m[0001] Downloading base image node:9-slim           
[36mINFO[0m[0001] Executing 0 build triggers                   
[36mINFO[0m[0001] cmd: EXPOSE                                  
[36mINFO[0m[0001] Adding exposed port: 8080/tcp                
[36mINFO[0m[0001] Using files from context: [/workspace/source] 
[36mINFO[0m[0001] Skipping unpacking as no commands require it. 
[36mINFO[0m[0001] Taking snapshot of full filesystem...        
[36mINFO[0m[0001] ENV PORT 8080                                
[36mINFO[0m[0001] No files changed in this command, skipping snapshotting. 
[36mINFO[0m[0001] EXPOSE 8080                                  
[36mINFO[0m[0001] cmd: EXPOSE                                  
[36mINFO[0m[0001] Adding exposed port: 8080/tcp                
[36mINFO[0m[0001] No files changed in this command, skipping snapshotting. 
[36mINFO[0m[0001] WORKDIR /usr/src/app                         
[36mINFO[0m[0001] cmd: workdir                                 
[36mINFO[0m[0001] Changed working directory to /usr/src/app    
[36mINFO[0m[0001] Creating directory /usr/src/app              
[36mINFO[0m[0001] Taking snapshot of files...                  
[36mINFO[0m[0001] Using files from context: [/workspace/source] 
[36mINFO[0m[0001] COPY . .                                     
[36mINFO[0m[0001] Taking snapshot of files...                  
[36mINFO[0m[0001] CMD ["npm", "start"]                         
[36mINFO[0m[0001] No files changed in this command, skipping snapshotting. 
2019/11/08 13:20:27 existing blob: sha256:a88538b9cd05cfa611e43a25582a95ad7879f6fa708b0386a26b71ee62235bb3
2019/11/08 13:20:27 existing blob: sha256:196b8e3c919d5639193ba6c6e54774528942041bbc37606631a2250502985c3c
2019/11/08 13:20:27 existing blob: sha256:5bba3ecb4cd6374a19da45f2a3db0a9c0804984358b3bb4b666c28944016e5ff
2019/11/08 13:20:27 existing blob: sha256:e01bd28a434b56ffd2a3fe9aa99b9b69aecca69904843edd30b1ee7150d79904
2019/11/08 13:20:27 existing blob: sha256:7d083412657baa2dafba8d093034ef26f9ed2c90fb6ed95f76bb55aff03ed429
2019/11/08 13:20:27 pushed blob: sha256:0ba26bc89ea3909a0cc26215b636396f704c04466cfeb0e25c2ee5f800298885
2019/11/08 13:20:27 pushed blob: sha256:26571583ab151263c2131291d636c1dc9fc739c98b391f9576b7d8e207e967cc
2019/11/08 13:20:27 pushed blob: sha256:32c97d0aa9fc84f44088c99f2488bdc8659c321e8e8d5b2fe7c251f6c00396bc
2019/11/08 13:20:28 823024120868.dkr.ecr.us-west-2.amazonaws.com/**********/hackathon-demo-2019:0.0.0-SNAPSHOT-PR-3-1: digest: sha256:d2b24b13ab1671d126e081afd83387c320edd1d24c7cc74bddca802891a1b141 size: 1404

Showing logs for build [32mhack19-hub-hackathon-demo-2019-q2ljx-1[0m stage [32mfrom-build-pack[0m and container [32mstep-postbuild-post-build[0m
no CVE provider running in the current ** namespace so skip adding image to be analysed

Showing logs for build [32mhack19-hub-hackathon-demo-2019-q2ljx-1[0m stage [32mfrom-build-pack[0m and container [32mstep-promote-make-preview[0m
sed -i -e "s/version:.*/version: 0.0.0-SNAPSHOT-PR-3-1/" Chart.yaml
sed -i -e "s/version:.*/version: 0.0.0-SNAPSHOT-PR-3-1/" ../*/Chart.yaml
sed -i -e "s|repository:.*|repository: 823024120868.dkr.ecr.us-west-2.amazonaws.com\/**********\/node-http|" values.yaml
sed -i -e "s/tag:.*/tag: 0.0.0-SNAPSHOT-PR-3-1/" values.yaml
echo "  version: 0.0.0-SNAPSHOT-PR-3-1" >> requirements.yaml
** step helm build
WARNING: No $CHART_REPOSITORY defined so using the default value of: http://jenkins-x-chartmuseum:8080
Adding missing Helm repo: storage.googleapis.com https://storage.googleapis.com/chartmuseum.jenkins-x.io
Successfully added Helm repository storage.googleapis.com.
Adding missing Helm repo: jenkins-x-chartmuseum http://jenkins-x-chartmuseum:8080
Successfully added Helm repository jenkins-x-chartmuseum.
WARNING: No $CHART_REPOSITORY defined so using the default value of: http://jenkins-x-chartmuseum:8080
Adding missing Helm repo: chartmuseum.jenkins-x.io http://chartmuseum.jenkins-x.io
Successfully added Helm repository chartmuseum.jenkins-x.io.

Showing logs for build [32mhack19-hub-hackathon-demo-2019-q2ljx-1[0m stage [32mfrom-build-pack[0m and container [32mstep-promote-jx-preview[0m
Creating a preview
Commit author email is empty for: 5fd022154d37448b55d82ea9778d887bd2219d66
Looking for commits in: /workspace/source/
Found commit author match for: ********** with email address: 56089989+**********@users.noreply.github.com
Created environment **********-hackathon-demo-2019-pr-3
Namespace **-**********-hackathon-demo-2019-pr-3 created 
expose:
  Annotations:
    helm.sh/hook: post-install,post-upgrade
    helm.sh/hook-delete-policy: hook-succeeded
  config:
    domain: app.jenkins-x.tk
    exposer: Ingress
    http: "true"
preview:
  image:
    repository: 823024120868.dkr.ecr.us-west-2.amazonaws.com/**********/hackathon-demo-2019
    tag: 0.0.0-SNAPSHOT-PR-3-1
Cloning the Jenkins X versions repo https://github.com/jenkins-x/jenkins-x-versions.git with ref refs/heads/master to /builder/home/.**/jenkins-x-versions


WARNING: Could not find the service URL in namespace **-**********-hackathon-demo-2019-pr-3 for names hackathon-demo-2019, preview, **-**********-hackathon-demo-2019-pr-3-preview, preview-hackathon-demo-2019: the server could not find the requested resource (get services.serving.knative.dev preview-hackathon-demo-2019)
Updating PipelineActivities **********-hackathon-demo-2019-pr-3-1 which has status Running
WARNING: Failed to find the service hackathon-demo-2019 : failed to find service hackathon-demo-2019 in namespace **-**********-hackathon-demo-2019-pr-3: services "hackathon-demo-2019" not found
